2026-02-26 18:22:01,665 [INFO] ========== CAMERA ACCESS PRIVACY PROTECTION SYSTEM ==========
2026-02-26 18:22:01,666 [INFO] Stages: 1 (Detection) + 2 (Enrollment) + 3 (Verification) + 4 (Heuristic) + 5 (Pro)
2026-02-26 18:22:01,667 [INFO] 
2026-02-26 18:22:01,670 [INFO] [--] Template not found - Face verification DISABLED
2026-02-26 18:22:01,670 [INFO]     Run 'python enroll.py' to create a template
2026-02-26 18:22:01,672 [INFO] Initializing components...
2026-02-26 18:22:02,051 [INFO] Waiting for first frame...
2026-02-26 18:22:03,053 [INFO] 
2026-02-26 18:22:03,054 [INFO] Starting main loop. Controls:
2026-02-26 18:22:03,080 [INFO]   'q' - Quit
2026-02-26 18:22:03,082 [INFO]   'p' - Pause/Resume detection
2026-02-26 18:22:03,082 [INFO]   'r' - Reset decision engine
2026-02-26 18:22:03,082 [INFO]   'd' - Toggle demo sensitive content overlay
2026-02-26 18:22:03,083 [INFO]   's' - Toggle annotations
2026-02-26 18:22:03,083 [INFO] 
2026-02-26 18:22:09,683 [INFO] [298] Privacy turned ON: Risk: 2 faces, 1 above threshold
2026-02-26 18:22:10,477 [INFO] [311] Privacy turned OFF: Safe: 1 faces detected
2026-02-26 18:22:13,027 [INFO] [428] Privacy turned ON: Risk: 2 faces, 1 above threshold
2026-02-26 18:22:13,630 [INFO] [438] Privacy turned OFF: Safe: 1 faces detected
2026-02-26 18:22:13,899 [INFO] [451] Privacy turned ON: Risk: 2 faces, 1 above threshold
2026-02-26 18:22:14,469 [INFO] [462] Privacy turned OFF: Safe: 1 faces detected
2026-02-26 18:22:14,488 [INFO] [463] Privacy turned ON: Risk: 2 faces, 1 above threshold
2026-02-26 18:22:16,142 [INFO] [493] Privacy turned OFF: Safe: 1 faces detected
2026-02-26 18:22:32,478 [INFO] [1214] Privacy turned ON: Risk: 2 faces, 1 above threshold
2026-02-26 18:22:34,097 [INFO] [1240] Privacy turned OFF: Safe: 1 faces detected
2026-02-26 18:22:34,515 [INFO] [1256] Privacy turned ON: Risk: 2 faces, 1 above threshold
2026-02-26 18:22:37,006 [INFO] [1295] Privacy turned OFF: Safe: 1 faces detected
2026-02-26 18:22:39,049 [INFO] Quit requested
2026-02-26 18:22:39,049 [INFO] 
2026-02-26 18:22:39,050 [INFO] ========== SESSION STATISTICS ==========
2026-02-26 18:22:39,050 [INFO] Total frames processed: 4146
2026-02-26 18:22:39,050 [INFO] Total detections: 1383
2026-02-26 18:22:39,051 [INFO] Total embeddings computed: 0
2026-02-26 18:22:39,051 [INFO] Privacy transitions: 12
2026-02-26 18:22:39,051 [INFO] Final camera FPS: 26.0
2026-02-26 18:22:39,051 [INFO] 
2026-02-26 18:22:39,769 [INFO] Application closed successfully
