2026-02-26 17:55:37,837 [INFO] ========== CAMERA ACCESS PRIVACY PROTECTION SYSTEM ==========
2026-02-26 17:55:37,842 [INFO] Stages: 1 (Detection) + 2 (Enrollment) + 3 (Verification) + 4 (Heuristic) + 5 (Pro)
2026-02-26 17:55:37,842 [INFO] 
2026-02-26 17:55:37,844 [INFO] [OK] Template found - Face verification ENABLED
2026-02-26 17:55:37,844 [INFO] Initializing components...
2026-02-26 17:55:38,782 [INFO] Waiting for first frame...
2026-02-26 17:55:39,795 [INFO] 
2026-02-26 17:55:39,797 [INFO] Starting main loop. Controls:
2026-02-26 17:55:39,799 [INFO]   'q' - Quit
2026-02-26 17:55:39,853 [INFO]   'p' - Pause/Resume detection
2026-02-26 17:55:39,855 [INFO]   'r' - Reset decision engine
2026-02-26 17:55:39,864 [INFO]   'd' - Toggle demo sensitive content overlay
2026-02-26 17:55:39,864 [INFO]   's' - Toggle annotations
2026-02-26 17:55:39,866 [INFO] 
2026-02-26 17:56:01,079 [INFO] [1319] Privacy turned ON: Risk: 2 OTHER face(s) detected (area: 0.071)
2026-02-26 17:56:05,969 [INFO] [1506] Privacy turned OFF: Safe: 0 ME, 1 OTHER
2026-02-26 17:56:28,131 [INFO] [2960] Privacy turned ON: Risk: 2 OTHER face(s) detected (area: 0.075)
2026-02-26 17:56:31,802 [INFO] [3105] Privacy turned OFF: Safe: 0 ME, 0 OTHER
2026-02-26 17:56:33,074 [INFO] [3192] Privacy turned ON: Risk: 2 OTHER face(s) detected (area: 0.149)
2026-02-26 17:56:34,988 [INFO] [3265] Privacy turned OFF: Safe: 0 ME, 0 OTHER
2026-02-26 17:56:36,327 [INFO] [3352] Privacy turned ON: Risk: 2 OTHER face(s) detected (area: 0.128)
2026-02-26 17:56:38,292 [INFO] [3427] Privacy turned OFF: Safe: 0 ME, 1 OTHER
2026-02-26 17:56:40,022 [INFO] [3541] Privacy turned ON: Risk: 2 OTHER face(s) detected (area: 0.090)
2026-02-26 17:56:42,342 [INFO] [3626] Privacy turned OFF: Safe: 0 ME, 1 OTHER
2026-02-26 17:56:45,105 [INFO] [3800] Privacy turned ON: Risk: 2 OTHER face(s) detected (area: 0.105)
2026-02-26 17:56:47,591 [INFO] [3893] Privacy turned OFF: Safe: 0 ME, 1 OTHER
2026-02-26 17:56:50,967 [INFO] [4110] Privacy turned ON: Risk: 2 OTHER face(s) detected (area: 0.105)
2026-02-26 17:56:52,930 [INFO] [4184] Privacy turned OFF: Safe: 0 ME, 1 OTHER
2026-02-26 17:56:54,472 [INFO] Quit requested
2026-02-26 17:56:54,472 [INFO] 
2026-02-26 17:56:54,472 [INFO] ========== SESSION STATISTICS ==========
2026-02-26 17:56:54,472 [INFO] Total frames processed: 12842
2026-02-26 17:56:54,473 [INFO] Total detections: 4281
2026-02-26 17:56:54,473 [INFO] Total embeddings computed: 3646
2026-02-26 17:56:54,473 [INFO] Privacy transitions: 14
2026-02-26 17:56:54,474 [INFO] Final camera FPS: 27.2
2026-02-26 17:56:54,474 [INFO] 
2026-02-26 17:56:55,168 [INFO] Application closed successfully
