2026-02-26 18:43:17,651 [INFO] ========== CAMERA ACCESS PRIVACY PROTECTION SYSTEM ==========
2026-02-26 18:43:17,653 [INFO] Stages: 1 (Detection) + 2 (Enrollment) + 3 (Verification) + 4 (Heuristic) + 5 (Pro)
2026-02-26 18:43:17,654 [INFO] 
2026-02-26 18:43:17,655 [INFO] [--] Template not found - Face verification DISABLED
2026-02-26 18:43:17,656 [INFO]     Run 'python enroll.py' to create a template
2026-02-26 18:43:17,656 [INFO] Initializing components...
2026-02-26 18:43:18,187 [INFO] Waiting for first frame...
2026-02-26 18:43:19,194 [INFO] 
2026-02-26 18:43:19,206 [INFO] Starting main loop. Controls:
2026-02-26 18:43:19,242 [INFO]   'q' - Quit
2026-02-26 18:43:19,245 [INFO]   'p' - Pause/Resume detection
2026-02-26 18:43:19,246 [INFO]   'r' - Reset decision engine
2026-02-26 18:43:19,246 [INFO]   'd' - Toggle demo sensitive content overlay
2026-02-26 18:43:19,246 [INFO]   's' - Toggle annotations
2026-02-26 18:43:19,250 [INFO] 
2026-02-26 18:43:22,471 [INFO] [153] Privacy turned ON: Risk: 2 faces, 1 above threshold
2026-02-26 18:43:28,793 [INFO] [391] Privacy turned OFF: Safe: 1 faces detected
2026-02-26 18:43:34,839 [INFO] [777] Privacy turned ON: Risk: 2 faces, 1 above threshold
2026-02-26 18:43:41,472 [INFO] [1017] Privacy turned OFF: Safe: 1 faces detected
2026-02-26 18:43:43,069 [INFO] [1133] Privacy turned ON: Risk: 2 faces, 1 above threshold
2026-02-26 18:43:48,859 [INFO] [1363] Privacy turned OFF: Safe: 1 faces detected
2026-02-26 18:43:52,135 [INFO] [1596] Privacy turned ON: Risk: 2 faces, 1 above threshold
2026-02-26 18:43:58,202 [INFO] [1817] Privacy turned OFF: Safe: 1 faces detected
2026-02-26 18:44:01,584 [INFO] [2004] Privacy turned ON: Risk: 2 faces, 1 above threshold
2026-02-26 18:44:09,227 [INFO] [2277] Privacy turned OFF: Safe: 1 faces detected
2026-02-26 18:44:14,572 [INFO] [2577] Privacy turned ON: Risk: 2 faces, 1 above threshold
2026-02-26 18:44:23,549 [INFO] [2860] Privacy turned OFF: Safe: 1 faces detected
2026-02-26 18:45:16,986 [INFO] [4574] Privacy turned ON: Risk: 2 faces, 1 above threshold
2026-02-26 18:45:22,088 [INFO] [4646] Privacy turned OFF: Safe: 1 faces detected
2026-02-26 18:45:56,345 [INFO] [5805] Privacy turned ON: Risk: 2 faces, 1 above threshold
2026-02-26 18:46:02,346 [INFO] [5998] Privacy turned OFF: Safe: 1 faces detected
2026-02-26 18:46:05,751 [INFO] [6156] Privacy turned ON: Risk: 2 faces, 1 above threshold
2026-02-26 18:46:11,888 [INFO] [6357] Privacy turned OFF: Safe: 1 faces detected
2026-02-26 18:46:41,700 [INFO] [7904] Privacy turned ON: Risk: 2 faces, 1 above threshold
2026-02-26 18:46:46,735 [INFO] [8053] Privacy turned OFF: Safe: 1 faces detected
2026-02-26 18:46:50,836 [INFO] [8266] Privacy turned ON: Risk: 2 faces, 1 above threshold
2026-02-26 18:46:56,661 [INFO] [8447] Privacy turned OFF: Safe: 1 faces detected
2026-02-26 18:46:58,387 [INFO] [8537] Privacy turned ON: Risk: 2 faces, 1 above threshold
2026-02-26 18:47:04,169 [INFO] [8711] Privacy turned OFF: Safe: 1 faces detected
