2026-02-26 18:06:35,115 [INFO] ========== CAMERA ACCESS PRIVACY PROTECTION SYSTEM ==========
2026-02-26 18:06:35,116 [INFO] Stages: 1 (Detection) + 2 (Enrollment) + 3 (Verification) + 4 (Heuristic) + 5 (Pro)
2026-02-26 18:06:35,116 [INFO] 
2026-02-26 18:06:35,117 [INFO] [--] Template not found - Face verification DISABLED
2026-02-26 18:06:35,118 [INFO]     Run 'python enroll.py' to create a template
2026-02-26 18:06:35,118 [INFO] Initializing components...
2026-02-26 18:06:35,811 [INFO] Waiting for first frame...
2026-02-26 18:06:36,812 [INFO] 
2026-02-26 18:06:36,813 [INFO] Starting main loop. Controls:
2026-02-26 18:06:36,841 [INFO]   'q' - Quit
2026-02-26 18:06:36,842 [INFO]   'p' - Pause/Resume detection
2026-02-26 18:06:36,842 [INFO]   'r' - Reset decision engine
2026-02-26 18:06:36,842 [INFO]   'd' - Toggle demo sensitive content overlay
2026-02-26 18:06:36,842 [INFO]   's' - Toggle annotations
2026-02-26 18:06:36,843 [INFO] 
2026-02-26 18:06:49,154 [INFO] [832] Privacy turned ON: Risk: 2 faces, 1 above threshold
2026-02-26 18:06:51,268 [INFO] [869] Privacy turned OFF: Safe: 1 faces detected
2026-02-26 18:06:52,863 [INFO] [973] Privacy turned ON: Risk: 2 faces, 1 above threshold
2026-02-26 18:06:53,595 [INFO] [988] Privacy turned OFF: Safe: 1 faces detected
2026-02-26 18:06:53,623 [INFO] [990] Privacy turned ON: Risk: 2 faces, 1 above threshold
2026-02-26 18:06:54,323 [INFO] [1003] Privacy turned OFF: Safe: 1 faces detected
2026-02-26 18:07:00,471 [INFO] [1412] Privacy turned ON: Risk: 2 faces, 1 above threshold
2026-02-26 18:07:02,739 [INFO] [1453] Privacy turned OFF: Safe: 1 faces detected
2026-02-26 18:07:05,020 [INFO] Quit requested
2026-02-26 18:07:05,021 [INFO] 
2026-02-26 18:07:05,022 [INFO] ========== SESSION STATISTICS ==========
2026-02-26 18:07:05,022 [INFO] Total frames processed: 4833
2026-02-26 18:07:05,022 [INFO] Total detections: 1612
2026-02-26 18:07:05,023 [INFO] Total embeddings computed: 0
2026-02-26 18:07:05,023 [INFO] Privacy transitions: 8
2026-02-26 18:07:05,023 [INFO] Final camera FPS: 26.8
2026-02-26 18:07:05,024 [INFO] 
2026-02-26 18:07:05,743 [INFO] Application closed successfully
