2026-02-26 18:37:26,387 [INFO] ========== CAMERA ACCESS PRIVACY PROTECTION SYSTEM ==========
2026-02-26 18:37:26,388 [INFO] Stages: 1 (Detection) + 2 (Enrollment) + 3 (Verification) + 4 (Heuristic) + 5 (Pro)
2026-02-26 18:37:26,388 [INFO] 
2026-02-26 18:37:26,389 [INFO] [--] Template not found - Face verification DISABLED
2026-02-26 18:37:26,389 [INFO]     Run 'python enroll.py' to create a template
2026-02-26 18:37:26,389 [INFO] Initializing components...
2026-02-26 18:37:26,432 [INFO] [OK] Running in HEADLESS MODE (background only)
2026-02-26 18:37:26,710 [INFO] Waiting for first frame...
2026-02-26 18:37:27,739 [INFO] 
2026-02-26 18:37:27,739 [INFO] Starting main loop. Controls:
2026-02-26 18:37:27,740 [INFO]   'q' - Quit
2026-02-26 18:37:27,740 [INFO]   'p' - Pause/Resume detection
2026-02-26 18:37:27,740 [INFO]   'r' - Reset decision engine
2026-02-26 18:37:27,740 [INFO]   'd' - Toggle demo sensitive content overlay
2026-02-26 18:37:27,740 [INFO]   's' - Toggle annotations
2026-02-26 18:37:27,741 [INFO] 
2026-02-26 18:37:35,477 [INFO] [277] Privacy turned ON: Risk: 2 faces, 1 above threshold
2026-02-26 18:37:41,799 [INFO] [437] Privacy turned OFF: Safe: 1 faces detected
2026-02-26 18:38:23,598 [INFO] [2152] Privacy turned ON: Risk: 2 faces, 1 above threshold
2026-02-26 18:38:29,015 [INFO] [2294] Privacy turned OFF: Safe: 1 faces detected
2026-02-26 18:38:29,249 [INFO] [2304] Privacy turned ON: Risk: 2 faces, 1 above threshold
2026-02-26 18:38:38,926 [INFO] [2549] Privacy turned OFF: Safe: 1 faces detected
2026-02-26 18:39:01,164 [INFO] [3510] Privacy turned ON: Risk: 2 faces, 1 above threshold
2026-02-26 18:39:06,288 [INFO] [3648] Privacy turned OFF: Safe: 1 faces detected
2026-02-26 18:39:14,166 [INFO] [3981] Privacy turned ON: Risk: 2 faces, 1 above threshold
2026-02-26 18:39:19,205 [INFO] [4103] Privacy turned OFF: Safe: 1 faces detected
2026-02-26 18:39:21,556 [INFO] [4202] Privacy turned ON: Risk: 2 faces, 1 above threshold
2026-02-26 18:39:26,629 [INFO] [4332] Privacy turned OFF: Safe: 0 faces detected
2026-02-26 18:39:57,858 [INFO] [5642] Privacy turned ON: Risk: 2 faces, 1 above threshold
2026-02-26 18:40:07,281 [INFO] [5864] Privacy turned OFF: Safe: 1 faces detected
2026-02-26 18:40:15,214 [INFO] [6159] Privacy turned ON: Risk: 2 faces, 1 above threshold
2026-02-26 18:40:20,282 [INFO] [6281] Privacy turned OFF: Safe: 1 faces detected
