2026-02-26 19:01:12,230 [INFO] ========== CAMERA ACCESS PRIVACY PROTECTION SYSTEM ==========
2026-02-26 19:01:12,231 [INFO] Stages: 1 (Detection) + 2 (Enrollment) + 3 (Verification) + 4 (Heuristic) + 5 (Pro)
2026-02-26 19:01:12,231 [INFO] 
2026-02-26 19:01:12,233 [INFO] [--] Template not found - Face verification DISABLED
2026-02-26 19:01:12,233 [INFO]     Run 'python enroll.py' to create a template
2026-02-26 19:01:12,233 [INFO] Initializing components...
2026-02-26 19:01:12,550 [INFO] Waiting for first frame...
2026-02-26 19:01:13,550 [INFO] 
2026-02-26 19:01:13,551 [INFO] Starting main loop. Controls:
2026-02-26 19:01:13,578 [INFO]   'q' - Quit
2026-02-26 19:01:13,578 [INFO]   'p' - Pause/Resume detection
2026-02-26 19:01:13,578 [INFO]   'r' - Reset decision engine
2026-02-26 19:01:13,579 [INFO]   'd' - Toggle demo sensitive content overlay
2026-02-26 19:01:13,579 [INFO]   's' - Toggle annotations
2026-02-26 19:01:13,579 [INFO] 
2026-02-26 19:01:16,053 [INFO] [159] Privacy turned ON: Risk: 2 faces, 1 above threshold
2026-02-26 19:01:16,660 [INFO] [179] Privacy turned OFF: Safe: 0 faces detected
2026-02-26 19:01:18,685 [INFO] [280] Privacy turned ON: Risk: 2 faces, 1 above threshold
2026-02-26 19:01:19,471 [INFO] [306] Privacy turned OFF: Safe: 0 faces detected
2026-02-26 19:01:23,742 [INFO] [522] Privacy turned ON: Risk: 2 faces, 1 above threshold
2026-02-26 19:01:24,278 [INFO] [538] Privacy turned OFF: Safe: 1 faces detected
2026-02-26 19:01:24,504 [INFO] [551] Privacy turned ON: Risk: 2 faces, 1 above threshold
2026-02-26 19:01:25,077 [INFO] [570] Privacy turned OFF: Safe: 1 faces detected
2026-02-26 19:01:26,332 [INFO] [640] Privacy turned ON: Risk: 2 faces, 1 above threshold
2026-02-26 19:01:28,250 [INFO] [705] Privacy turned OFF: Safe: 1 faces detected
2026-02-26 19:01:32,316 [INFO] [935] Privacy turned ON: Risk: 2 faces, 1 above threshold
2026-02-26 19:01:34,989 [INFO] [1025] Privacy turned OFF: Safe: 1 faces detected
2026-02-26 19:01:37,311 [INFO] [1146] Privacy turned ON: Risk: 2 faces, 1 above threshold
2026-02-26 19:01:39,609 [INFO] [1224] Privacy turned OFF: Safe: 1 faces detected
