2026-02-26 18:58:49,956 [INFO] ========== CAMERA ACCESS PRIVACY PROTECTION SYSTEM ==========
2026-02-26 18:58:49,962 [INFO] Stages: 1 (Detection) + 2 (Enrollment) + 3 (Verification) + 4 (Heuristic) + 5 (Pro)
2026-02-26 18:58:49,964 [INFO] 
2026-02-26 18:58:49,966 [INFO] [--] Template not found - Face verification DISABLED
2026-02-26 18:58:49,967 [INFO]     Run 'python enroll.py' to create a template
2026-02-26 18:58:49,967 [INFO] Initializing components...
2026-02-26 18:58:50,684 [INFO] [OK] Fullscreen resolution: 1280x800
2026-02-26 18:58:51,063 [INFO] Waiting for first frame...
2026-02-26 18:58:52,080 [INFO] 
2026-02-26 18:58:52,081 [INFO] Starting main loop. Controls:
2026-02-26 18:58:52,083 [INFO]   'q' - Quit
2026-02-26 18:58:52,084 [INFO]   'p' - Pause/Resume detection
2026-02-26 18:58:52,084 [INFO]   'r' - Reset decision engine
2026-02-26 18:58:52,085 [INFO]   'd' - Toggle demo sensitive content overlay
2026-02-26 18:58:52,085 [INFO]   's' - Toggle annotations
2026-02-26 18:58:52,085 [INFO] 
2026-02-26 18:58:56,602 [INFO] [278] Privacy turned ON: Risk: 2 faces, 1 above threshold
2026-02-26 18:58:57,144 [INFO] [297] Privacy turned OFF: Safe: 1 faces detected
2026-02-26 18:58:58,108 [INFO] [361] Privacy turned ON: Risk: 2 faces, 1 above threshold
2026-02-26 18:58:58,771 [INFO] [376] Privacy turned OFF: Safe: 1 faces detected
2026-02-26 18:58:59,331 [INFO] [396] Privacy turned ON: Risk: 2 faces, 1 above threshold
2026-02-26 18:59:00,250 [INFO] [406] Privacy turned OFF: Safe: 0 faces detected
2026-02-26 18:59:00,796 [INFO] [419] Privacy turned ON: Risk: 2 faces, 1 above threshold
2026-02-26 18:59:01,598 [INFO] [431] Privacy turned OFF: Safe: 1 faces detected
2026-02-26 18:59:04,399 [INFO] [495] Privacy turned ON: Risk: 2 faces, 1 above threshold
2026-02-26 18:59:05,449 [INFO] [509] Privacy turned OFF: Safe: 1 faces detected
2026-02-26 18:59:11,216 [INFO] [708] Privacy turned ON: Risk: 2 faces, 1 above threshold
2026-02-26 18:59:12,057 [INFO] [738] Privacy turned OFF: Safe: 1 faces detected
2026-02-26 18:59:21,915 [INFO] [1292] Privacy turned ON: Risk: 2 faces, 1 above threshold
2026-02-26 18:59:22,496 [INFO] [1310] Privacy turned OFF: Safe: 1 faces detected
2026-02-26 18:59:28,556 [INFO] [1676] Privacy turned ON: Risk: 2 faces, 1 above threshold
2026-02-26 18:59:31,094 [INFO] [1763] Privacy turned OFF: Safe: 1 faces detected
