2026-02-26 18:36:25,848 [INFO] ========== CAMERA ACCESS PRIVACY PROTECTION SYSTEM ==========
2026-02-26 18:36:25,848 [INFO] Stages: 1 (Detection) + 2 (Enrollment) + 3 (Verification) + 4 (Heuristic) + 5 (Pro)
2026-02-26 18:36:25,848 [INFO] 
2026-02-26 18:36:25,849 [INFO] [--] Template not found - Face verification DISABLED
2026-02-26 18:36:25,850 [INFO]     Run 'python enroll.py' to create a template
2026-02-26 18:36:25,850 [INFO] Initializing components...
2026-02-26 18:36:25,890 [INFO] [OK] Running in HEADLESS MODE (background only)
2026-02-26 18:36:26,224 [INFO] Waiting for first frame...
2026-02-26 18:36:27,226 [INFO] 
2026-02-26 18:36:27,227 [INFO] Starting main loop. Controls:
2026-02-26 18:36:27,227 [INFO]   'q' - Quit
2026-02-26 18:36:27,227 [INFO]   'p' - Pause/Resume detection
2026-02-26 18:36:27,227 [INFO]   'r' - Reset decision engine
2026-02-26 18:36:27,228 [INFO]   'd' - Toggle demo sensitive content overlay
2026-02-26 18:36:27,228 [INFO]   's' - Toggle annotations
2026-02-26 18:36:27,229 [INFO] 
2026-02-26 18:36:28,556 [INFO] [46] Privacy turned ON: Risk: 2 faces, 1 above threshold
2026-02-26 18:36:33,831 [INFO] [180] Privacy turned OFF: Safe: 1 faces detected
2026-02-26 18:36:38,417 [INFO] [354] Privacy turned ON: Risk: 2 faces, 1 above threshold
2026-02-26 18:36:43,499 [INFO] [478] Privacy turned OFF: Safe: 0 faces detected
