2026-02-26 18:30:39,870 [INFO] ========== CAMERA ACCESS PRIVACY PROTECTION SYSTEM ==========
2026-02-26 18:30:39,871 [INFO] Stages: 1 (Detection) + 2 (Enrollment) + 3 (Verification) + 4 (Heuristic) + 5 (Pro)
2026-02-26 18:30:39,872 [INFO] 
2026-02-26 18:30:39,873 [INFO] [--] Template not found - Face verification DISABLED
2026-02-26 18:30:39,873 [INFO]     Run 'python enroll.py' to create a template
2026-02-26 18:30:39,873 [INFO] Initializing components...
2026-02-26 18:30:39,925 [INFO] [OK] Running in HEADLESS MODE (background only)
2026-02-26 18:30:40,183 [INFO] Waiting for first frame...
2026-02-26 18:30:41,184 [INFO] 
2026-02-26 18:30:41,185 [INFO] Starting main loop. Controls:
2026-02-26 18:30:41,185 [INFO]   'q' - Quit
2026-02-26 18:30:41,186 [INFO]   'p' - Pause/Resume detection
2026-02-26 18:30:41,186 [INFO]   'r' - Reset decision engine
2026-02-26 18:30:41,186 [INFO]   'd' - Toggle demo sensitive content overlay
2026-02-26 18:30:41,187 [INFO]   's' - Toggle annotations
2026-02-26 18:30:41,187 [INFO] 
2026-02-26 18:30:42,882 [INFO] Interrupted by user
2026-02-26 18:30:42,882 [INFO] 
2026-02-26 18:30:42,883 [INFO] ========== SESSION STATISTICS ==========
2026-02-26 18:30:42,883 [INFO] Total frames processed: 96
2026-02-26 18:30:42,883 [INFO] Total detections: 32
2026-02-26 18:30:42,883 [INFO] Total embeddings computed: 0
2026-02-26 18:30:42,883 [INFO] Privacy transitions: 0
2026-02-26 18:30:42,884 [INFO] Final camera FPS: 20.0
2026-02-26 18:30:42,884 [INFO] 
2026-02-26 18:30:43,527 [INFO] Application closed successfully
