2026-02-26 17:51:25,410 [INFO] ========== CAMERA ACCESS PRIVACY PROTECTION SYSTEM ==========
2026-02-26 17:51:25,411 [INFO] Stages: 1 (Detection) + 2 (Enrollment) + 3 (Verification) + 4 (Heuristic) + 5 (Pro)
2026-02-26 17:51:25,411 [INFO] 
2026-02-26 17:51:25,412 [INFO] [--] Template not found - Face verification DISABLED
2026-02-26 17:51:25,412 [INFO]     Run 'python enroll.py' to create a template
2026-02-26 17:51:25,412 [INFO] Initializing components...
2026-02-26 17:51:26,038 [INFO] Waiting for first frame...
2026-02-26 17:51:27,039 [INFO] 
2026-02-26 17:51:27,039 [INFO] Starting main loop. Controls:
2026-02-26 17:51:27,065 [INFO]   'q' - Quit
2026-02-26 17:51:27,065 [INFO]   'p' - Pause/Resume detection
2026-02-26 17:51:27,066 [INFO]   'r' - Reset decision engine
2026-02-26 17:51:27,066 [INFO]   'd' - Toggle demo sensitive content overlay
2026-02-26 17:51:27,066 [INFO]   's' - Toggle annotations
2026-02-26 17:51:27,066 [INFO] 
2026-02-26 17:52:17,309 [INFO] Quit requested
2026-02-26 17:52:17,310 [INFO] 
2026-02-26 17:52:17,310 [INFO] ========== SESSION STATISTICS ==========
2026-02-26 17:52:17,310 [INFO] Total frames processed: 9786
2026-02-26 17:52:17,310 [INFO] Total detections: 3263
2026-02-26 17:52:17,310 [INFO] Total embeddings computed: 0
2026-02-26 17:52:17,310 [INFO] Privacy transitions: 0
2026-02-26 17:52:17,310 [INFO] Final camera FPS: 27.1
2026-02-26 17:52:17,310 [INFO] 
2026-02-26 17:52:18,050 [INFO] Application closed successfully
