2026-02-26 18:50:00,776 [INFO] ========== CAMERA ACCESS PRIVACY PROTECTION SYSTEM ==========
2026-02-26 18:50:00,777 [INFO] Stages: 1 (Detection) + 2 (Enrollment) + 3 (Verification) + 4 (Heuristic) + 5 (Pro)
2026-02-26 18:50:00,778 [INFO] 
2026-02-26 18:50:00,779 [INFO] [--] Template not found - Face verification DISABLED
2026-02-26 18:50:00,779 [INFO]     Run 'python enroll.py' to create a template
2026-02-26 18:50:00,780 [INFO] Initializing components...
2026-02-26 18:50:00,840 [INFO] [OK] Running in HEADLESS MODE (background only)
2026-02-26 18:50:01,293 [INFO] Waiting for first frame...
2026-02-26 18:50:02,321 [INFO] 
2026-02-26 18:50:02,322 [INFO] Starting main loop. Controls:
2026-02-26 18:50:02,322 [INFO]   'q' - Quit
2026-02-26 18:50:02,322 [INFO]   'p' - Pause/Resume detection
2026-02-26 18:50:02,323 [INFO]   'r' - Reset decision engine
2026-02-26 18:50:02,323 [INFO]   'd' - Toggle demo sensitive content overlay
2026-02-26 18:50:02,324 [INFO]   's' - Toggle annotations
2026-02-26 18:50:02,324 [INFO] 
2026-02-26 18:50:03,457 [INFO] [29] Privacy turned ON: Risk: 2 faces, 1 above threshold
2026-02-26 18:50:04,097 [INFO] [39] Privacy turned OFF: Safe: 1 faces detected
2026-02-26 18:50:04,623 [INFO] [56] Privacy turned ON: Risk: 2 faces, 1 above threshold
2026-02-26 18:50:05,281 [INFO] [68] Privacy turned OFF: Safe: 1 faces detected
2026-02-26 18:50:08,646 [INFO] [166] Privacy turned ON: Risk: 2 faces, 1 above threshold
2026-02-26 18:50:09,861 [INFO] [190] Privacy turned OFF: Safe: 1 faces detected
2026-02-26 18:50:10,095 [INFO] [197] Privacy turned ON: Risk: 2 faces, 1 above threshold
2026-02-26 18:50:15,136 [INFO] [298] Privacy turned OFF: Safe: 1 faces detected
2026-02-26 18:51:20,129 [INFO] [2014] Privacy turned ON: Risk: 2 faces, 1 above threshold
2026-02-26 18:51:20,813 [INFO] [2024] Privacy turned OFF: Safe: 1 faces detected
