2026-02-26 18:52:02,292 [INFO] ========== CAMERA ACCESS PRIVACY PROTECTION SYSTEM ==========
2026-02-26 18:52:02,293 [INFO] Stages: 1 (Detection) + 2 (Enrollment) + 3 (Verification) + 4 (Heuristic) + 5 (Pro)
2026-02-26 18:52:02,294 [INFO] 
2026-02-26 18:52:02,296 [INFO] [--] Template not found - Face verification DISABLED
2026-02-26 18:52:02,297 [INFO]     Run 'python enroll.py' to create a template
2026-02-26 18:52:02,297 [INFO] Initializing components...
2026-02-26 18:52:02,663 [INFO] Waiting for first frame...
2026-02-26 18:52:03,666 [INFO] 
2026-02-26 18:52:03,667 [INFO] Starting main loop. Controls:
2026-02-26 18:52:03,694 [INFO]   'q' - Quit
2026-02-26 18:52:03,695 [INFO]   'p' - Pause/Resume detection
2026-02-26 18:52:03,696 [INFO]   'r' - Reset decision engine
2026-02-26 18:52:03,698 [INFO]   'd' - Toggle demo sensitive content overlay
2026-02-26 18:52:03,706 [INFO]   's' - Toggle annotations
2026-02-26 18:52:03,707 [INFO] 
2026-02-26 18:52:06,932 [INFO] [154] Privacy turned ON: Risk: 2 faces, 1 above threshold
2026-02-26 18:52:08,561 [INFO] [207] Privacy turned OFF: Safe: 1 faces detected
2026-02-26 18:52:09,502 [INFO] [257] Privacy turned ON: Risk: 2 faces, 1 above threshold
2026-02-26 18:52:11,157 [INFO] [309] Privacy turned OFF: Safe: 1 faces detected
2026-02-26 18:52:15,090 [INFO] [497] Privacy turned ON: Risk: 2 faces, 1 above threshold
2026-02-26 18:52:15,714 [INFO] [516] Privacy turned OFF: Safe: 1 faces detected
2026-02-26 18:52:16,364 [INFO] Quit requested
2026-02-26 18:52:16,365 [INFO] 
2026-02-26 18:52:16,365 [INFO] ========== SESSION STATISTICS ==========
2026-02-26 18:52:16,365 [INFO] Total frames processed: 547
2026-02-26 18:52:16,365 [INFO] Total detections: 548
2026-02-26 18:52:16,365 [INFO] Total embeddings computed: 0
2026-02-26 18:52:16,365 [INFO] Privacy transitions: 6
2026-02-26 18:52:16,365 [INFO] Final camera FPS: 26.4
2026-02-26 18:52:16,366 [INFO] 
2026-02-26 18:52:17,027 [INFO] Application closed successfully
