2026-02-27 09:38:27,316 [INFO] ========== CAMERA ACCESS PRIVACY PROTECTION SYSTEM ==========
2026-02-27 09:38:27,321 [INFO] Stages: 1 (Detection) + 2 (Enrollment) + 3 (Verification) + 4 (Heuristic) + 5 (Pro)
2026-02-27 09:38:27,324 [INFO] 
2026-02-27 09:38:27,325 [INFO] [--] Template not found - Face verification DISABLED
2026-02-27 09:38:27,326 [INFO]     Run 'python enroll.py' to create a template
2026-02-27 09:38:27,326 [INFO] Initializing components...
2026-02-27 09:38:27,444 [INFO] Initializing fullscreen overlay...
2026-02-27 09:38:27,611 [INFO] [OK] Fullscreen overlay ready
2026-02-27 09:38:28,131 [INFO] Waiting for first frame...
2026-02-27 09:38:29,133 [INFO] 
2026-02-27 09:38:29,136 [INFO] Starting main loop. Controls:
2026-02-27 09:38:29,139 [INFO]   'q' - Quit
2026-02-27 09:38:29,141 [INFO]   'p' - Pause/Resume detection
2026-02-27 09:38:29,144 [INFO]   'r' - Reset decision engine
2026-02-27 09:38:29,149 [INFO]   'd' - Toggle demo sensitive content overlay
2026-02-27 09:38:29,156 [INFO]   's' - Toggle annotations
2026-02-27 09:38:29,157 [INFO] 
2026-02-27 09:38:41,961 [INFO] [495] Privacy turned ON: Risk: 2 faces, 1 above threshold
2026-02-27 09:38:42,537 [INFO] [513] Privacy turned OFF: Safe: 1 faces detected
2026-02-27 09:38:45,637 [INFO] [674] Privacy turned ON: Risk: 2 faces, 1 above threshold
2026-02-27 09:38:46,212 [INFO] [691] Privacy turned OFF: Safe: 1 faces detected
2026-02-27 09:38:46,263 [INFO] [692] Privacy turned ON: Risk: 2 faces, 1 above threshold
2026-02-27 09:38:46,950 [INFO] [712] Privacy turned OFF: Safe: 1 faces detected
2026-02-27 09:38:56,283 [INFO] [1026] Privacy turned ON: Risk: 2 faces, 1 above threshold
2026-02-27 09:38:57,229 [INFO] [1052] Privacy turned OFF: Safe: 1 faces detected
2026-02-27 09:39:01,500 [INFO] [1168] Privacy turned ON: Risk: 2 faces, 1 above threshold
2026-02-27 09:39:02,249 [INFO] [1188] Privacy turned OFF: Safe: 1 faces detected
2026-02-27 09:39:02,768 [INFO] [1206] Privacy turned ON: Risk: 2 faces, 1 above threshold
2026-02-27 09:39:04,015 [INFO] [1251] Privacy turned OFF: Safe: 1 faces detected
2026-02-27 09:39:05,992 [INFO] [1330] Privacy turned ON: Risk: 2 faces, 1 above threshold
2026-02-27 09:39:08,235 [INFO] [1405] Privacy turned OFF: Safe: 1 faces detected
2026-02-27 09:39:08,442 [INFO] [1414] Privacy turned ON: Risk: 2 faces, 1 above threshold
2026-02-27 09:39:09,247 [INFO] [1442] Privacy turned OFF: Safe: 0 faces detected
2026-02-27 09:39:13,898 [INFO] [1641] Privacy turned ON: Risk: 2 faces, 1 above threshold
2026-02-27 09:39:14,851 [INFO] [1671] Privacy turned OFF: Safe: 0 faces detected
2026-02-27 09:39:16,467 [INFO] [1737] Privacy turned ON: Risk: 2 faces, 1 above threshold
2026-02-27 09:39:17,980 [INFO] [1785] Privacy turned OFF: Safe: 0 faces detected
2026-02-27 09:39:27,283 [INFO] [2166] Privacy turned ON: Risk: 2 faces, 1 above threshold
2026-02-27 09:39:27,921 [INFO] [2185] Privacy turned OFF: Safe: 0 faces detected
2026-02-27 09:39:29,108 [INFO] [2230] Privacy turned ON: Risk: 2 faces, 1 above threshold
2026-02-27 09:39:29,683 [INFO] [2249] Privacy turned OFF: Safe: 0 faces detected
2026-02-27 09:39:30,985 [INFO] [2295] Privacy turned ON: Risk: 2 faces, 1 above threshold
2026-02-27 09:39:31,542 [INFO] [2314] Privacy turned OFF: Safe: 1 faces detected
2026-02-27 09:39:42,535 [INFO] [2735] Privacy turned ON: Risk: 2 faces, 1 above threshold
2026-02-27 09:39:43,098 [INFO] [2751] Privacy turned OFF: Safe: 0 faces detected
2026-02-27 09:39:55,132 [INFO] [3285] Privacy turned ON: Risk: 2 faces, 1 above threshold
2026-02-27 09:39:56,180 [INFO] [3318] Privacy turned OFF: Safe: 1 faces detected
2026-02-27 09:39:56,575 [INFO] [3330] Privacy turned ON: Risk: 2 faces, 1 above threshold
2026-02-27 09:39:57,147 [INFO] [3346] Privacy turned OFF: Safe: 1 faces detected
2026-02-27 09:39:57,220 [INFO] [3348] Privacy turned ON: Risk: 2 faces, 1 above threshold
2026-02-27 09:39:58,537 [INFO] [3389] Privacy turned OFF: Safe: 1 faces detected
2026-02-27 09:40:02,347 [INFO] [3524] Privacy turned ON: Risk: 2 faces, 1 above threshold
2026-02-27 09:40:02,974 [INFO] [3543] Privacy turned OFF: Safe: 1 faces detected
2026-02-27 09:40:03,894 [INFO] [3575] Privacy turned ON: Risk: 2 faces, 1 above threshold
2026-02-27 09:40:05,378 [INFO] [3622] Privacy turned OFF: Safe: 1 faces detected
2026-02-27 09:40:11,785 [INFO] [3896] Privacy turned ON: Risk: 2 faces, 1 above threshold
2026-02-27 09:40:12,350 [INFO] [3912] Privacy turned OFF: Safe: 1 faces detected
2026-02-27 09:40:12,627 [INFO] [3923] Privacy turned ON: Risk: 2 faces, 1 above threshold
2026-02-27 09:40:13,277 [INFO] [3943] Privacy turned OFF: Safe: 1 faces detected
2026-02-27 09:40:28,854 [INFO] [4584] Privacy turned ON: Risk: 2 faces, 1 above threshold
2026-02-27 09:40:29,660 [INFO] [4600] Privacy turned OFF: Safe: 1 faces detected
2026-02-27 09:41:39,813 [INFO] Quit requested
2026-02-27 09:41:39,814 [INFO] 
2026-02-27 09:41:39,814 [INFO] ========== SESSION STATISTICS ==========
2026-02-27 09:41:39,814 [INFO] Total frames processed: 6574
2026-02-27 09:41:39,814 [INFO] Total detections: 6575
2026-02-27 09:41:39,814 [INFO] Total embeddings computed: 0
2026-02-27 09:41:39,814 [INFO] Privacy transitions: 44
2026-02-27 09:41:39,814 [INFO] Final camera FPS: 24.6
2026-02-27 09:41:39,815 [INFO] 
2026-02-27 09:41:40,584 [INFO] Application closed successfully
