2026-02-26 18:00:49,430 [INFO] ========== CAMERA ACCESS PRIVACY PROTECTION SYSTEM ==========
2026-02-26 18:00:49,435 [INFO] Stages: 1 (Detection) + 2 (Enrollment) + 3 (Verification) + 4 (Heuristic) + 5 (Pro)
2026-02-26 18:00:49,436 [INFO] 
2026-02-26 18:00:49,437 [INFO] [OK] Template found - Face verification ENABLED
2026-02-26 18:00:49,437 [INFO] Initializing components...
2026-02-26 18:00:49,537 [INFO] [OK] Running in HEADLESS MODE (background only)
2026-02-26 18:00:49,891 [INFO] Waiting for first frame...
2026-02-26 18:00:50,892 [INFO] 
2026-02-26 18:00:50,892 [INFO] Starting main loop. Controls:
2026-02-26 18:00:50,894 [INFO]   'q' - Quit
2026-02-26 18:00:50,894 [INFO]   'p' - Pause/Resume detection
2026-02-26 18:00:50,894 [INFO]   'r' - Reset decision engine
2026-02-26 18:00:50,895 [INFO]   'd' - Toggle demo sensitive content overlay
2026-02-26 18:00:50,895 [INFO]   's' - Toggle annotations
2026-02-26 18:00:50,895 [INFO] 
2026-02-26 18:00:51,150 [INFO] [3] Privacy turned ON: Risk: 1 OTHER face(s) detected (area: 0.060)
2026-02-26 18:00:52,209 [INFO] [21] Privacy turned OFF: Safe: 1 ME, 0 OTHER
2026-02-26 18:00:52,910 [INFO] [34] Privacy turned ON: Risk: 1 OTHER face(s) detected (area: 0.068)
2026-02-26 18:00:54,519 [INFO] [63] Privacy turned OFF: Safe: 1 ME, 0 OTHER
2026-02-26 18:00:54,559 [INFO] [64] Privacy turned ON: Risk: 1 OTHER face(s) detected (area: 0.058)
2026-02-26 18:00:55,691 [INFO] [85] Privacy turned OFF: Safe: 1 ME, 0 OTHER
2026-02-26 18:00:56,083 [INFO] [92] Privacy turned ON: Risk: 1 OTHER face(s) detected (area: 0.050)
2026-02-26 18:00:56,649 [INFO] [102] Privacy turned OFF: Safe: 0 ME, 0 OTHER
2026-02-26 18:01:01,743 [INFO] [215] Privacy turned ON: Risk: 1 OTHER face(s) detected (area: 0.060)
2026-02-26 18:01:03,689 [INFO] [249] Privacy turned OFF: Safe: 1 ME, 0 OTHER
2026-02-26 18:01:03,811 [INFO] [252] Privacy turned ON: Risk: 1 OTHER face(s) detected (area: 0.077)
2026-02-26 18:01:04,677 [INFO] [267] Privacy turned OFF: Safe: 1 ME, 0 OTHER
2026-02-26 18:01:05,328 [INFO] [281] Privacy turned ON: Risk: 1 OTHER face(s) detected (area: 0.053)
2026-02-26 18:01:06,387 [INFO] [298] Privacy turned OFF: Safe: 0 ME, 0 OTHER
2026-02-26 18:01:06,701 [INFO] [305] Privacy turned ON: Risk: 1 OTHER face(s) detected (area: 0.057)
2026-02-26 18:01:07,312 [INFO] [315] Privacy turned OFF: Safe: 1 ME, 0 OTHER
2026-02-26 18:01:07,623 [INFO] [322] Privacy turned ON: Risk: 1 OTHER face(s) detected (area: 0.064)
2026-02-26 18:01:08,944 [INFO] [342] Privacy turned OFF: Safe: 1 ME, 0 OTHER
2026-02-26 18:01:09,216 [INFO] [348] Privacy turned ON: Risk: 1 OTHER face(s) detected (area: 0.067)
2026-02-26 18:01:10,182 [INFO] [363] Privacy turned OFF: Safe: 1 ME, 0 OTHER
2026-02-26 18:01:10,446 [INFO] [369] Privacy turned ON: Risk: 1 OTHER face(s) detected (area: 0.069)
2026-02-26 18:01:11,711 [INFO] [389] Privacy turned OFF: Safe: 1 ME, 0 OTHER
2026-02-26 18:01:12,207 [INFO] [400] Privacy turned ON: Risk: 1 OTHER face(s) detected (area: 0.081)
2026-02-26 18:01:14,544 [INFO] [436] Privacy turned OFF: Safe: 1 ME, 0 OTHER
2026-02-26 18:01:14,860 [INFO] [443] Privacy turned ON: Risk: 1 OTHER face(s) detected (area: 0.092)
2026-02-26 18:01:15,484 [INFO] [453] Privacy turned OFF: Safe: 1 ME, 0 OTHER
2026-02-26 18:01:15,670 [INFO] [457] Privacy turned ON: Risk: 1 OTHER face(s) detected (area: 0.075)
2026-02-26 18:01:17,814 [INFO] [491] Privacy turned OFF: Safe: 1 ME, 0 OTHER
2026-02-26 18:01:17,905 [INFO] [493] Privacy turned ON: Risk: 1 OTHER face(s) detected (area: 0.073)
2026-02-26 18:01:18,497 [INFO] [502] Privacy turned OFF: Safe: 1 ME, 0 OTHER
2026-02-26 18:01:18,677 [INFO] [506] Privacy turned ON: Risk: 1 OTHER face(s) detected (area: 0.085)
2026-02-26 18:01:19,291 [INFO] [515] Privacy turned OFF: Safe: 1 ME, 0 OTHER
2026-02-26 18:01:20,020 [INFO] [531] Privacy turned ON: Risk: 1 OTHER face(s) detected (area: 0.083)
2026-02-26 18:01:21,174 [INFO] [552] Privacy turned OFF: Safe: 1 ME, 0 OTHER
2026-02-26 18:01:21,440 [INFO] [558] Privacy turned ON: Risk: 1 OTHER face(s) detected (area: 0.066)
2026-02-26 18:01:22,073 [INFO] [569] Privacy turned OFF: Safe: 1 ME, 0 OTHER
2026-02-26 18:01:22,392 [INFO] [576] Privacy turned ON: Risk: 1 OTHER face(s) detected (area: 0.058)
2026-02-26 18:01:23,477 [INFO] [596] Privacy turned OFF: Safe: 1 ME, 0 OTHER
2026-02-26 18:01:23,659 [INFO] [600] Privacy turned ON: Risk: 1 OTHER face(s) detected (area: 0.052)
2026-02-26 18:01:24,576 [INFO] [616] Privacy turned OFF: Safe: 1 ME, 0 OTHER
2026-02-26 18:01:24,624 [INFO] [617] Privacy turned ON: Risk: 1 OTHER face(s) detected (area: 0.071)
2026-02-26 18:01:25,561 [INFO] [632] Privacy turned OFF: Safe: 1 ME, 0 OTHER
2026-02-26 18:01:26,140 [INFO] [645] Privacy turned ON: Risk: 1 OTHER face(s) detected (area: 0.052)
2026-02-26 18:01:26,798 [INFO] [654] Privacy turned OFF: Safe: 1 ME, 0 OTHER
2026-02-26 18:01:26,953 [INFO] [657] Privacy turned ON: Risk: 1 OTHER face(s) detected (area: 0.047)
2026-02-26 18:01:27,521 [INFO] [666] Privacy turned OFF: Safe: 1 ME, 0 OTHER
2026-02-26 18:01:27,783 [INFO] [672] Privacy turned ON: Risk: 1 OTHER face(s) detected (area: 0.050)
2026-02-26 18:01:29,890 [INFO] [704] Privacy turned OFF: Safe: 1 ME, 0 OTHER
2026-02-26 18:01:30,100 [INFO] [708] Privacy turned ON: Risk: 1 OTHER face(s) detected (area: 0.069)
2026-02-26 18:01:31,112 [INFO] Interrupted by user
2026-02-26 18:01:31,113 [INFO] 
2026-02-26 18:01:31,113 [INFO] ========== SESSION STATISTICS ==========
2026-02-26 18:01:31,114 [INFO] Total frames processed: 2172
2026-02-26 18:01:31,114 [INFO] Total detections: 725
2026-02-26 18:01:31,114 [INFO] Total embeddings computed: 588
2026-02-26 18:01:31,114 [INFO] Privacy transitions: 49
2026-02-26 18:01:31,114 [INFO] Final camera FPS: 24.1
2026-02-26 18:01:31,114 [INFO] 
2026-02-26 18:01:31,786 [INFO] Application closed successfully
