2026-02-26 17:46:44,973 [INFO] ========== CAMERA ACCESS PRIVACY PROTECTION SYSTEM ==========
2026-02-26 17:46:44,974 [INFO] Stages: 1 (Detection) + 2 (Enrollment) + 3 (Verification) + 4 (Heuristic) + 5 (Pro)
2026-02-26 17:46:44,974 [INFO] 
2026-02-26 17:46:44,975 [INFO] [--] Template not found - Face verification DISABLED
2026-02-26 17:46:44,975 [INFO]     Run 'python enroll.py' to create a template
2026-02-26 17:46:44,975 [INFO] Initializing components...
2026-02-26 17:46:45,756 [INFO] Waiting for first frame...
2026-02-26 17:46:46,757 [INFO] 
2026-02-26 17:46:46,757 [INFO] Starting main loop. Controls:
2026-02-26 17:46:46,759 [INFO]   'q' - Quit
2026-02-26 17:46:46,759 [INFO]   'p' - Pause/Resume detection
2026-02-26 17:46:46,759 [INFO]   'r' - Reset decision engine
2026-02-26 17:46:46,759 [INFO]   'd' - Toggle demo sensitive content overlay
2026-02-26 17:46:46,759 [INFO]   's' - Toggle annotations
2026-02-26 17:46:46,760 [INFO] 
2026-02-26 17:47:07,606 [INFO] Interrupted by user
2026-02-26 17:47:07,606 [INFO] 
2026-02-26 17:47:07,606 [INFO] ========== SESSION STATISTICS ==========
2026-02-26 17:47:07,606 [INFO] Total frames processed: 3955
2026-02-26 17:47:07,606 [INFO] Total detections: 1319
2026-02-26 17:47:07,606 [INFO] Total embeddings computed: 0
2026-02-26 17:47:07,606 [INFO] Privacy transitions: 0
2026-02-26 17:47:07,606 [INFO] Final camera FPS: 26.8
2026-02-26 17:47:07,607 [INFO] 
