2026-02-27 09:41:49,100 [INFO] ========== CAMERA ACCESS PRIVACY PROTECTION SYSTEM ==========
2026-02-27 09:41:49,101 [INFO] Stages: 1 (Detection) + 2 (Enrollment) + 3 (Verification) + 4 (Heuristic) + 5 (Pro)
2026-02-27 09:41:49,101 [INFO] 
2026-02-27 09:41:49,103 [INFO] [--] Template not found - Face verification DISABLED
2026-02-27 09:41:49,103 [INFO]     Run 'python enroll.py' to create a template
2026-02-27 09:41:49,103 [INFO] Initializing components...
2026-02-27 09:41:49,155 [INFO] Initializing fullscreen overlay...
2026-02-27 09:41:49,348 [INFO] [OK] Fullscreen overlay ready
2026-02-27 09:41:49,787 [INFO] Waiting for first frame...
2026-02-27 09:41:50,788 [INFO] 
2026-02-27 09:41:50,789 [INFO] Starting main loop. Controls:
2026-02-27 09:41:50,789 [INFO]   'q' - Quit
2026-02-27 09:41:50,789 [INFO]   'p' - Pause/Resume detection
2026-02-27 09:41:50,790 [INFO]   'r' - Reset decision engine
2026-02-27 09:41:50,790 [INFO]   'd' - Toggle demo sensitive content overlay
2026-02-27 09:41:50,790 [INFO]   's' - Toggle annotations
2026-02-27 09:41:50,791 [INFO] 
2026-02-27 09:42:03,992 [INFO] [519] Privacy turned ON: Risk: 2 faces, 1 above threshold
2026-02-27 09:42:05,022 [INFO] [552] Privacy turned OFF: Safe: 0 faces detected
2026-02-27 09:42:14,145 [INFO] [1027] Privacy turned ON: Risk: 2 faces, 1 above threshold
2026-02-27 09:42:16,199 [INFO] [1093] Privacy turned OFF: Safe: 1 faces detected
2026-02-27 09:42:17,316 [INFO] [1146] Privacy turned ON: Risk: 2 faces, 1 above threshold
2026-02-27 09:42:17,896 [INFO] [1162] Privacy turned OFF: Safe: 1 faces detected
2026-02-27 09:42:19,509 [INFO] [1253] Privacy turned ON: Risk: 2 faces, 1 above threshold
2026-02-27 09:42:20,069 [INFO] [1273] Privacy turned OFF: Safe: 1 faces detected
2026-02-27 09:42:21,049 [INFO] [1325] Privacy turned ON: Risk: 2 faces, 1 above threshold
2026-02-27 09:42:22,367 [INFO] [1370] Privacy turned OFF: Safe: 1 faces detected
2026-02-27 09:42:23,379 [INFO] [1424] Privacy turned ON: Risk: 2 faces, 1 above threshold
2026-02-27 09:42:24,901 [INFO] [1477] Privacy turned OFF: Safe: 1 faces detected
2026-02-27 09:42:25,174 [INFO] [1491] Privacy turned ON: Risk: 2 faces, 1 above threshold
2026-02-27 09:42:25,887 [INFO] [1517] Privacy turned OFF: Safe: 0 faces detected
2026-02-27 09:42:33,248 [INFO] [1913] Privacy turned ON: Risk: 2 faces, 1 above threshold
2026-02-27 09:42:33,838 [INFO] [1932] Privacy turned OFF: Safe: 1 faces detected
2026-02-27 09:42:44,800 [INFO] [2485] Privacy turned ON: Risk: 2 faces, 1 above threshold
2026-02-27 09:42:45,365 [INFO] [2501] Privacy turned OFF: Safe: 1 faces detected
2026-02-27 09:42:52,846 [INFO] [2885] Privacy turned ON: Risk: 2 faces, 1 above threshold
2026-02-27 09:42:53,398 [INFO] [2902] Privacy turned OFF: Safe: 1 faces detected
2026-02-27 09:42:53,632 [INFO] [2913] Privacy turned ON: Risk: 2 faces, 1 above threshold
2026-02-27 09:42:54,246 [INFO] [2932] Privacy turned OFF: Safe: 0 faces detected
