2026-02-26 17:54:09,066 [INFO] ========== CAMERA ACCESS PRIVACY PROTECTION SYSTEM ==========
2026-02-26 17:54:09,067 [INFO] Stages: 1 (Detection) + 2 (Enrollment) + 3 (Verification) + 4 (Heuristic) + 5 (Pro)
2026-02-26 17:54:09,068 [INFO] 
2026-02-26 17:54:09,071 [INFO] [--] Template not found - Face verification DISABLED
2026-02-26 17:54:09,072 [INFO]     Run 'python enroll.py' to create a template
2026-02-26 17:54:09,072 [INFO] Initializing components...
2026-02-26 17:54:09,680 [INFO] Waiting for first frame...
2026-02-26 17:54:10,682 [INFO] 
2026-02-26 17:54:10,685 [INFO] Starting main loop. Controls:
2026-02-26 17:54:10,711 [INFO]   'q' - Quit
2026-02-26 17:54:10,712 [INFO]   'p' - Pause/Resume detection
2026-02-26 17:54:10,712 [INFO]   'r' - Reset decision engine
2026-02-26 17:54:10,712 [INFO]   'd' - Toggle demo sensitive content overlay
2026-02-26 17:54:10,712 [INFO]   's' - Toggle annotations
2026-02-26 17:54:10,713 [INFO] 
2026-02-26 17:54:25,706 [INFO] Quit requested
2026-02-26 17:54:25,706 [INFO] 
2026-02-26 17:54:25,707 [INFO] ========== SESSION STATISTICS ==========
2026-02-26 17:54:25,707 [INFO] Total frames processed: 2757
2026-02-26 17:54:25,707 [INFO] Total detections: 920
2026-02-26 17:54:25,707 [INFO] Total embeddings computed: 0
2026-02-26 17:54:25,707 [INFO] Privacy transitions: 0
2026-02-26 17:54:25,708 [INFO] Final camera FPS: 26.3
2026-02-26 17:54:25,708 [INFO] 
2026-02-26 17:54:26,431 [INFO] Application closed successfully
