2026-02-26 18:21:41,972 [INFO] ========== CAMERA ACCESS PRIVACY PROTECTION SYSTEM ==========
2026-02-26 18:21:41,979 [INFO] Stages: 1 (Detection) + 2 (Enrollment) + 3 (Verification) + 4 (Heuristic) + 5 (Pro)
2026-02-26 18:21:41,979 [INFO] 
2026-02-26 18:21:41,981 [INFO] [--] Template not found - Face verification DISABLED
2026-02-26 18:21:41,981 [INFO]     Run 'python enroll.py' to create a template
2026-02-26 18:21:41,981 [INFO] Initializing components...
2026-02-26 18:21:42,040 [INFO] [OK] Running in HEADLESS MODE (background only)
2026-02-26 18:21:42,431 [INFO] Waiting for first frame...
2026-02-26 18:21:43,434 [INFO] 
2026-02-26 18:21:43,435 [INFO] Starting main loop. Controls:
2026-02-26 18:21:43,437 [INFO]   'q' - Quit
2026-02-26 18:21:43,439 [INFO]   'p' - Pause/Resume detection
2026-02-26 18:21:43,440 [INFO]   'r' - Reset decision engine
2026-02-26 18:21:43,440 [INFO]   'd' - Toggle demo sensitive content overlay
2026-02-26 18:21:43,441 [INFO]   's' - Toggle annotations
2026-02-26 18:21:43,441 [INFO] 
2026-02-26 18:21:55,163 [INFO] Interrupted by user
2026-02-26 18:21:55,163 [INFO] 
2026-02-26 18:21:55,164 [INFO] ========== SESSION STATISTICS ==========
2026-02-26 18:21:55,164 [INFO] Total frames processed: 660
2026-02-26 18:21:55,164 [INFO] Total detections: 221
2026-02-26 18:21:55,165 [INFO] Total embeddings computed: 0
2026-02-26 18:21:55,165 [INFO] Privacy transitions: 0
2026-02-26 18:21:55,166 [INFO] Final camera FPS: 24.8
2026-02-26 18:21:55,166 [INFO] 
2026-02-26 18:21:55,858 [INFO] Application closed successfully
