2026-02-26 18:11:17,205 [INFO] ========== CAMERA ACCESS PRIVACY PROTECTION SYSTEM ==========
2026-02-26 18:11:17,207 [INFO] Stages: 1 (Detection) + 2 (Enrollment) + 3 (Verification) + 4 (Heuristic) + 5 (Pro)
2026-02-26 18:11:17,208 [INFO] 
2026-02-26 18:11:17,209 [INFO] [--] Template not found - Face verification DISABLED
2026-02-26 18:11:17,209 [INFO]     Run 'python enroll.py' to create a template
2026-02-26 18:11:17,210 [INFO] Initializing components...
2026-02-26 18:11:17,640 [INFO] Waiting for first frame...
2026-02-26 18:11:18,655 [INFO] 
2026-02-26 18:11:18,694 [INFO] Starting main loop. Controls:
2026-02-26 18:11:18,748 [INFO]   'q' - Quit
2026-02-26 18:11:18,760 [INFO]   'p' - Pause/Resume detection
2026-02-26 18:11:18,760 [INFO]   'r' - Reset decision engine
2026-02-26 18:11:18,761 [INFO]   'd' - Toggle demo sensitive content overlay
2026-02-26 18:11:18,761 [INFO]   's' - Toggle annotations
2026-02-26 18:11:18,762 [INFO] 
2026-02-26 18:11:39,892 [INFO] Quit requested
2026-02-26 18:11:39,893 [INFO] 
2026-02-26 18:11:39,893 [INFO] ========== SESSION STATISTICS ==========
2026-02-26 18:11:39,894 [INFO] Total frames processed: 1797
2026-02-26 18:11:39,896 [INFO] Total detections: 600
2026-02-26 18:11:39,897 [INFO] Total embeddings computed: 0
2026-02-26 18:11:39,897 [INFO] Privacy transitions: 0
2026-02-26 18:11:39,897 [INFO] Final camera FPS: 26.1
2026-02-26 18:11:39,897 [INFO] 
2026-02-26 18:11:40,613 [INFO] Application closed successfully
