2026-02-26 17:59:59,127 [INFO] ========== CAMERA ACCESS PRIVACY PROTECTION SYSTEM ==========
2026-02-26 17:59:59,131 [INFO] Stages: 1 (Detection) + 2 (Enrollment) + 3 (Verification) + 4 (Heuristic) + 5 (Pro)
2026-02-26 17:59:59,132 [INFO] 
2026-02-26 17:59:59,135 [INFO] [OK] Template found - Face verification ENABLED
2026-02-26 17:59:59,136 [INFO] Initializing components...
2026-02-26 17:59:59,314 [INFO] [OK] Running in HEADLESS MODE (background only)
2026-02-26 17:59:59,675 [INFO] Waiting for first frame...
2026-02-26 18:00:00,676 [INFO] 
2026-02-26 18:00:00,677 [INFO] Starting main loop. Controls:
2026-02-26 18:00:00,688 [INFO]   'q' - Quit
2026-02-26 18:00:00,689 [INFO]   'p' - Pause/Resume detection
2026-02-26 18:00:00,690 [INFO]   'r' - Reset decision engine
2026-02-26 18:00:00,690 [INFO]   'd' - Toggle demo sensitive content overlay
2026-02-26 18:00:00,690 [INFO]   's' - Toggle annotations
2026-02-26 18:00:00,690 [INFO] 
2026-02-26 18:00:01,116 [INFO] [4] Privacy turned ON: Risk: 1 OTHER face(s) detected (area: 0.062)
2026-02-26 18:00:02,535 [INFO] [27] Privacy turned OFF: Safe: 1 ME, 0 OTHER
2026-02-26 18:00:03,342 [INFO] [44] Privacy turned ON: Risk: 1 OTHER face(s) detected (area: 0.075)
2026-02-26 18:00:03,958 [INFO] [55] Privacy turned OFF: Safe: 1 ME, 0 OTHER
2026-02-26 18:00:04,167 [INFO] [60] Privacy turned ON: Risk: 1 OTHER face(s) detected (area: 0.071)
2026-02-26 18:00:04,949 [INFO] [74] Privacy turned OFF: Safe: 1 ME, 0 OTHER
2026-02-26 18:00:06,110 [INFO] [100] Privacy turned ON: Risk: 1 OTHER face(s) detected (area: 0.066)
2026-02-26 18:00:08,209 [INFO] [134] Privacy turned OFF: Safe: 1 ME, 0 OTHER
2026-02-26 18:00:08,755 [INFO] [146] Privacy turned ON: Risk: 1 OTHER face(s) detected (area: 0.064)
2026-02-26 18:00:09,329 [INFO] [155] Privacy turned OFF: Safe: 1 ME, 0 OTHER
2026-02-26 18:00:09,465 [INFO] [158] Privacy turned ON: Risk: 1 OTHER face(s) detected (area: 0.066)
2026-02-26 18:00:10,089 [INFO] [168] Privacy turned OFF: Safe: 1 ME, 0 OTHER
2026-02-26 18:00:10,232 [INFO] [171] Privacy turned ON: Risk: 1 OTHER face(s) detected (area: 0.081)
2026-02-26 18:00:12,659 [INFO] [210] Privacy turned OFF: Safe: 1 ME, 0 OTHER
2026-02-26 18:00:12,701 [INFO] [211] Privacy turned ON: Risk: 1 OTHER face(s) detected (area: 0.099)
2026-02-26 18:00:14,584 [INFO] [242] Privacy turned OFF: Safe: 1 ME, 0 OTHER
2026-02-26 18:00:15,598 [INFO] [264] Privacy turned ON: Risk: 1 OTHER face(s) detected (area: 0.071)
2026-02-26 18:00:16,845 [INFO] [284] Privacy turned OFF: Safe: 1 ME, 0 OTHER
2026-02-26 18:00:17,019 [INFO] [288] Privacy turned ON: Risk: 1 OTHER face(s) detected (area: 0.073)
2026-02-26 18:00:17,997 [INFO] [306] Privacy turned OFF: Safe: 1 ME, 0 OTHER
2026-02-26 18:00:18,083 [INFO] [308] Privacy turned ON: Risk: 1 OTHER face(s) detected (area: 0.075)
